Replied [I've got to stop fucking this shit up!](https://ardunn.github.io/nikobellicbot/voice/I've_got_to_stop_fucking_this_shit_up!.mp3) on comment /r/GTAIV/comments/fmi21b/how_to_restore_the_old_removed_songs_from_the/fl64w9i/ on submission /r/GTAIV/comments/fmi21b/how_to_restore_the_old_removed_songs_from_the/

---
	Added 1 comments.
---

Sleeping 10800 seconds...

---
	Added 0 comments.
---

Sleeping 10800 seconds...
Replied [I am a vulnerable guy who needs to be held by big, strong arms?](https://ardunn.github.io/nikobellicbot/voice/I_am_a_vulnerable_guy_who_needs_to_be_held_by_big,_strong_arms{qmark}.mp3) on comment /r/GTA/comments/fo08h3/every_3d_gta_game_summarized_in_1_sentence/flcjbex/ on submission /r/GTA/comments/fo08h3/every_3d_gta_game_summarized_in_1_sentence/

---
	Added 1 comments.
---

Sleeping 10800 seconds...
Replied [Sorry, it's an ugly world...](https://ardunn.github.io/nikobellicbot/voice/Sorry,_it's_an_ugly world....mp3) on submission /r/GTA/comments/fo3b78/gta_fivem_italia_niko_bellic_roleplay/ on submission /r/GTA/comments/fo3b78/gta_fivem_italia_niko_bellic_roleplay/

---
	Added 1 comments.
---

Sleeping 10800 seconds...

---
	Added 0 comments.
---

Sleeping 10800 seconds...
Replied [You make me sick.](https://ardunn.github.io/nikobellicbot/voice/You_make_me_sick..mp3) on comment /r/rockstar/comments/fo5x2b/gta_6_official_website_may_be_launched_very_soon/fle6ewt/ on submission /r/rockstar/comments/fo5x2b/gta_6_official_website_may_be_launched_very_soon/

---
	Added 1 comments.
---

Sleeping 10800 seconds...

---
	Added 0 comments.
---

Sleeping 10800 seconds...
Replied [I feel bad](https://ardunn.github.io/nikobellicbot/voice/I_feel_bad.mp3) on comment /r/rockstar/comments/fojuas/_/flft606/ on submission /r/rockstar/comments/fojuas/_/

---
	Added 1 comments.
---

Sleeping 10800 seconds...
