/r/testingground4bots/comments/fd7t0m/example_post_3/fjfpq86/
/r/testingground4bots/comments/fd7t0m/example_post_3/fjfpqzk/
/r/testingground4bots/comments/fd7t0m/example_post_3/fjfpr92/
/r/testingground4bots/comments/fd82xl/example_post_4/fjfrn1f/
/r/testingground4bots/comments/fd82xl/example_post_4/fjfro9f/
/r/testingground4bots/comments/fd82xl/example_post_4/fjfs02d/
/r/GTAIV/comments/f13bn6/need_some_insight_regarding_cutscenes_and_custom/fh4d6xx/
/r/testingground4bots/comments/fdbmo2/test5/
/r/testingground4bots/comments/fdbmo2/test5/fjgcbfu/
/r/testingground4bots/comments/fdbmo2/test5/fjgcdpe/
/r/testingground4bots/comments/fdbmo2/test5/fjgd0vh/
/r/testingground4bots/comments/fdbmo2/test5/fjgd0xj/
/r/testingground4bots/comments/fdbmo2/test5/fjgd156/
/r/testingground4bots/comments/fdbmo2/test5/fjgd16s/
/r/testingground4bots/comments/fdbmo2/test5/fjgdfi0/
/r/testingground4bots/comments/fdbmo2/test5/fjgdgmk/
/r/testingground4bots/comments/fdbmo2/test5/fjgdsgq/
/r/testingground4bots/comments/fdbmo2/test5/fjgdsyu/
/r/testingground4bots/comments/fdbmo2/test5/fjge0q3/
/r/GTAIV/comments/fcyrk4/help/
/r/testingground4bots/comments/fdbmo2/test5/fjgeheo/
/r/gaming/comments/fd7ibe/me_on_march_20th/fjgaw6x/
/r/gtaonline/comments/fcxsy4/a_car_appeared_did_its_job_and_disappeared/fje2nvr/
/r/gtaonline/comments/fcxsy4/a_car_appeared_did_its_job_and_disappeared/fje8onc/
/r/gtaonline/comments/fcxsy4/a_car_appeared_did_its_job_and_disappeared/fjflcvg/
/r/gtaonline/comments/fcxsy4/a_car_appeared_did_its_job_and_disappeared/fjeruts/
/r/GTA/comments/fccs19/about_to_give_up_on_gta_5/fjc70hi/
/r/GTA/comments/fc0tcu/italian_roleplay_niko_bellic/
/r/rockstar/comments/fd4agq/best_character_to_every_rockstar_game_you_can/fjfrsxt/
/r/rockstar/comments/f8ugi0/vlads_line_in_gta_4/
/r/rockstar/comments/fddjcl/niko_bellic_bot_a_reddit_bot_of_voice_quips_from/
/r/GTA/comments/fde0zo/niko_bellic_bot_a_reddit_bot_of_voice_quips_from/
/r/rockstar/comments/fddjcl/niko_bellic_bot_a_reddit_bot_of_voice_quips_from/fjgu5ik/
/r/gaming/comments/fd9ouz/in_gta_iv_brucie_can_gift_you_his_unique/fjgsx1d/
/r/rockstar/comments/fddjcl/niko_bellic_bot_a_reddit_bot_of_voice_quips_from/fjgvfhi/
/r/GTA6/comments/fcj47y/another_approach_to_the_story_in_gta_vi/
/r/GTAV/comments/fcq6bf/r_please_never_patch_this/fjchn4a/
/r/GTA/comments/fde0zo/niko_bellic_bot_a_reddit_bot_of_voice_quips_from/fjgyk08/
/r/GTA/comments/fde0zo/niko_bellic_bot_a_reddit_bot_of_voice_quips_from/fjh31mp/
/r/gtaonline/comments/fcxsy4/a_car_appeared_did_its_job_and_disappeared/fjh2xpy/
/r/gtaonline/comments/fdkj12/xbox_one_anybody_wanna_play_with_me_so_i_can/fji1mzx/
/r/gaming/comments/fdjhd7/my_leon_kennedy_re_6_cosplay_wip/fjj13fs/
/r/rockstar/comments/fddjcl/niko_bellic_bot_a_reddit_bot_of_voice_quips_from/fjj7s31/
/r/gtaonline/comments/fdvhxo/decided_to_celebrate_the_15x_week_by_getting_my/fjk3nbo/
/r/gtaonline/comments/fdts57/as_soon_i_was_gonna_extend_the_wings_lester_calls/fjkvl5h/
/r/GTA/comments/fe4xdf/ladies_and_gay_friends_of_rgta_which_male/
/r/gaming/comments/feelch/the_8th_gen_apocalypse/fjon66q/
/r/GTA6/comments/feiew5/you_guys_prefer_one_protagonists_or_multiple_i/fjomi92/
/r/GTA/comments/feluzr/if_netflix_makes_a_gta_show/
/r/GTA6/comments/feiew5/you_guys_prefer_one_protagonists_or_multiple_i/fjpo6m4/
/r/gaming/comments/fewz5c/i_made_an_updated_one_based_on_suggestions/fjtburn/
/r/GTAV/comments/fewjhk/do_they_not_know_about_universe_barriers/fjteahm/
/r/GTA/comments/ffac8x/gta_protagonist/fjx7vo2/
/r/gtaonline/comments/fflaq1/niko_bellic_clothes_attempt/
/r/GTA/comments/fgjug5/what_is_rockstar_decision_making_process_when/fk6275q/
/r/gtaonline/comments/fgcqb8/heres_leicester_jumping_onto_a_proximity_bomb_fs/fk4fs97/
/r/gtaonline/comments/fgh5lz/i_know_not_gta_specific_but_still_feel_like_it/
/r/GTA/comments/fgxfd5/dream_gta_vi/fk7ti8d/
/r/GTA/comments/fgxfd5/dream_gta_vi/fk7ycg3/
/r/gtaonline/comments/fgzc0x/the_customizable_personal_vehicle_we_need_or/fkae1tg/
/r/GTA/comments/fhkdqu/italian_roleplay_niko_bellic/
/r/GTA6/comments/fhzziq/a_big_las_venturas_style_theme_park/
/r/GTA/comments/fiqiyq/female_protagonist_in_gta_vi/
/r/GTA/comments/fis9v6/do_you_guys_think_niko_bellic_would_function_in/
/r/GTA/comments/fitct5/female_protagonist_in_gta_vi/fkjrm27/
/r/gtaonline/comments/fispkk/two_days_ago_i_did_the_impossible_i_pacified_a/fklgp0c/
/r/GTA6/comments/fjd9c4/describe_your_perfect_gta_game/fko6glu/
/r/GTA/comments/fkkq0t/gta_characters_age/
/r/GTA/comments/fkkq0t/gta_characters_age/fkv00dd/
/r/GTA/comments/fkv2hp/who_is_the_most_moral_and_calm_character_but/fkvlnh1/
/r/GTAIV/comments/flmrqd/there_is_a_bug_with_cutscenes_in_the_new_gtaiv_on/
/r/GTA6/comments/f9fhue/official_gta6_wishlist_predictions_thread_2/fl0a3c5/
/r/rockstar/comments/flynqg/quarantinebinging_snl_and_totally_forgot_they_had/
/r/rockstar/comments/flnzwg/if_any_rockstar_game_were_to_be_adapted_into_a/fl14wab/
/r/GTAV/comments/flx5ib/has_anybody_noticed_niko_bellic_in_solomons_office/
/r/gaming/comments/fmbv2z/what_video_game_mechanicfeature_made_you_utterly/fl3gf07/
/r/GTA/comments/fme730/no_more_taxi_in_updated_gta4/
/r/GTAIV/comments/fmi21b/how_to_restore_the_old_removed_songs_from_the/fl64w9i/
/r/GTA/comments/fo08h3/every_3d_gta_game_summarized_in_1_sentence/flcjbex/
/r/GTA/comments/fo3b78/gta_fivem_italia_niko_bellic_roleplay/
/r/rockstar/comments/fo5x2b/gta_6_official_website_may_be_launched_very_soon/fle6ewt/
/r/rockstar/comments/fojuas/_/flft606/
/r/GTA/comments/fkkq0t/gta_characters_age/fkta37f/?context=3
/r/GTA6/comments/fjd9c4/describe_your_perfect_gta_game/fkrj2ni/?context=3
/r/GTA6/comments/fhzziq/a_big_las_venturas_style_theme_park/fkf9wls/?context=3
/r/gtaonline/comments/fflaq1/niko_bellic_clothes_attempt/fk982jq/?context=3
/r/GTAV/comments/fewjhk/do_they_not_know_about_universe_barriers/fjx0xrx/?context=3
/r/GTAIV/comments/f13bn6/need_some_insight_regarding_cutscenes_and_custom/fjiklfu/?context=3
/r/gtaonline/comments/fcxsy4/a_car_appeared_did_its_job_and_disappeared/fjh2xpy/?context=3
/r/rockstar/comments/fddjcl/niko_bellic_bot_a_reddit_bot_of_voice_quips_from/fjgxqdw/?context=3
/r/rockstar/comments/fddjcl/niko_bellic_bot_a_reddit_bot_of_voice_quips_from/fjgueak/?context=3
/r/rockstar/comments/fddjcl/niko_bellic_bot_a_reddit_bot_of_voice_quips_from/fjgse42/?context=3
/r/rockstar/comments/fddjcl/niko_bellic_bot_a_reddit_bot_of_voice_quips_from/fjj7s31/?context=3
/r/testingground4bots/comments/fdbmo2/test5/fjib31e/?context=3
/r/testingground4bots/comments/fdbmo2/test5/fjhru9l/?context=3
/r/testingground4bots/comments/fdbmo2/test5/fjhqjcd/?context=3
/r/GTA/comments/fde0zo/niko_bellic_bot_a_reddit_bot_of_voice_quips_from/fjh31mp/?context=3
/r/GTA/comments/fde0zo/niko_bellic_bot_a_reddit_bot_of_voice_quips_from/fjgyk08/?context=3
/r/rockstar/comments/fddjcl/niko_bellic_bot_a_reddit_bot_of_voice_quips_from/fjgvfhi/?context=3
/r/rockstar/comments/fddjcl/niko_bellic_bot_a_reddit_bot_of_voice_quips_from/fjgu5ik/?context=3
/r/rockstar/comments/fddjcl/niko_bellic_bot_a_reddit_bot_of_voice_quips_from/fjgsg2g/?context=3

/r/GTA6/comments/foufbe/pretty_much_what_is_happening_rn/fli4h43/
/r/GTA6/comments/foufbe/pretty_much_what_is_happening_rn/flicxe7/
/r/GTAIV/comments/fp6ihv/did_you_ever_notice_packie_mcreary_always_check/
/r/GTA6/comments/fpclnc/the_next_gta_could_be_called_americas/flkd4e5/
/r/gtaonline/comments/fpgp5t/you_are_calling_me_11_years_too_early/flmo771/
/r/gtaonline/comments/fpgp5t/you_are_calling_me_11_years_too_early/flnm3am/
/r/gtaonline/comments/fpgp5t/you_are_calling_me_11_years_too_early/flp7l52/
/r/GTA6/comments/fq8ego/is_this/flpx37y/
/r/gtaonline/comments/fqcbb3/108_is_an_important_number_in_lost_so_when_i/flq8tb4/
/r/GTA/comments/fqhlvc/does_packie_spoil_gta_iv_in_the_gta_v_paleto_bay/
/r/GrandTheftAutoV/comments/fqfqa4/cops_are_so_bad_in_this_game/flr9ehc/
/r/GTAV/comments/fq7kxm/bruh/flso8gh/
/r/GTA/comments/fkkq0t/gta_characters_age/fkvcyck/?context=3
/r/GTAIV/comments/fmi21b/how_to_restore_the_old_removed_songs_from_the/flsy7nb/
/r/gtaonline/comments/fr1w6y/what_a_journey_its_been_so_far/fltmrgp/
/r/gtaonline/comments/frhxny/isnt_really_about_online/
/r/GTA6/comments/frh0oy/if_gta6_is_held_in_the_past_what_gta_characters/flvs02t/
/r/GTA6/comments/frclxb/what_other_cityera_would_like_in_gta_6/flwrp1c/
/r/GTA6/comments/frh0oy/if_gta6_is_held_in_the_past_what_gta_characters/flwttt5/
/r/GTA6/comments/frjcoj/i_really_hope_that_rockstar_do_something_similar/flxj7lz/
/r/gtaonline/comments/fs0php/it_would_be_so_sad/flzwkui/
/r/GTA6/comments/fsagyj/where_were_you_when_they_announced_gta_v/
/r/GTAV/comments/fq7kxm/bruh/flsyklc/?context=3
/r/GTA/comments/fsjd7q/gta_4_glitch_niko_somehow_became_invisible/
/r/rockstar/comments/fsnlxs/who_else_would_like_to_see_a_red_dead_redemption/fm2mcn4/
/r/rockstar/comments/fsoaqy/i_wanted_a_story_dlc_for_gta_v/fm2k4nc/
/r/GTA6/comments/fsagyj/where_were_you_when_they_announced_gta_v/fm1i96e/?context=3
/r/GTA6/comments/fshf3g/my_theory_regarding_the_preacher_cryptic_messages/fm37uy9/
/r/GTA/comments/ft69gi/itathe_liberty_family_rpniko_bellic_sub_for_free/
/r/GTA/comments/ftavnt/what_3_us_cities_would_you_like_to_see_next_in/
/r/rockstar/comments/fsoaqy/i_wanted_a_story_dlc_for_gta_v/fm353ds/?context=3
/r/GTA6/comments/fsw3qd/which_is_the_best_gta_released_after_3d_universe/fm6xf7f/
/r/GTA6/comments/ftm7zh/gta_vi_will_likely_have_a_much_different_tone/
/r/GTA/comments/ftrtmf/unpopular_opinion_gta_vice_citys_story_was_the/fm8onql/
/r/GTA6/comments/ftm7zh/gta_vi_will_likely_have_a_much_different_tone/fm8ge1s/
/r/GTA6/comments/ftm7zh/gta_vi_will_likely_have_a_much_different_tone/fm835ic/
/r/GTA6/comments/ftm7zh/gta_vi_will_likely_have_a_much_different_tone/fm8imgp/
/r/GTA6/comments/ftm7zh/gta_vi_will_likely_have_a_much_different_tone/fm871jy/
/r/GTA6/comments/ftm7zh/gta_vi_will_likely_have_a_much_different_tone/fm8wxhp/?context=3
/r/GTA/comments/ftavnt/what_3_us_cities_would_you_like_to_see_next_in/fm6xvsa/?context=3
/r/GTAIV/comments/ftutgs/does_anyone_else_worry_about_niko_when_they_play/fm9ahy8/
/r/GTA6/comments/ftm7zh/gta_vi_will_likely_have_a_much_different_tone/fm8y1hk/?context=3
/r/GTA/comments/ftrtmf/unpopular_opinion_gta_vice_citys_story_was_the/fm9lebf/
/r/GTA6/comments/ftzk3h/fan_logo_contest_for_rgta6_prizes_included_for/
/r/GTA/comments/fu8afu/itathe_liberty_family_rpniko_bellic_sub_for_free/
/r/GTA6/comments/fu799g/gta_5_talk_for_those_who_were_active_with_gta/fmbmw7f/
/r/GTA/comments/fuggj1/gta_4_stops_loading_after_starting_new_game/
/r/gaming/comments/fufaqa/just_fired_up_gta_so_i_could_participate_in_some/fmdfth4/
/r/gaming/comments/fufaqa/just_fired_up_gta_so_i_could_participate_in_some/fmdmr1o/
/r/gtaonline/comments/fukcmi/ned_luke_aka_michaels_voice_actor_calls_out_mr/fmduxqs/
/r/gtaonline/comments/fukcmi/ned_luke_aka_michaels_voice_actor_calls_out_mr/fmebax4/
/r/GTA/comments/fuubo9/itathe_liberty_family_rpniko_bellic_ha_speso/
/r/gtaonline/comments/fukcmi/ned_luke_aka_michaels_voice_actor_calls_out_mr/fmeicw1/
/r/gtaonline/comments/fupi2m/100_working/fmewwk4/
/r/rockstar/comments/fuus5w/some_qa/fmes1k5/
/r/GTA/comments/ftavnt/what_3_us_cities_would_you_like_to_see_next_in/fm9ullf/?context=3
/r/rockstar/comments/fuww18/whos_your_favorite_character_from_rockstar_games/fmfe1t0/
/r/rockstar/comments/fuww18/whos_your_favorite_character_from_rockstar_games/fmfhu5s/
/r/rockstar/comments/fuww18/whos_your_favorite_character_from_rockstar_games/fmfkclk/
/r/rockstar/comments/fuww18/whos_your_favorite_character_from_rockstar_games/fmfkjba/
/r/gtaonline/comments/fupi2m/100_working/fmezjdp/?context=3
/r/rockstar/comments/fddjcl/niko_bellic_bot_a_reddit_bot_of_voice_quips_from/fleh9j6/?context=3
/r/rockstar/comments/fuww18/whos_your_favorite_character_from_rockstar_games/fmfshmr/
/r/rockstar/comments/fuww18/whos_your_favorite_character_from_rockstar_games/fmft4gg/
/r/GTA6/comments/fv2qhk/i_want_gta_vi_to_have_more_activities_you_can_do/fmg9smc/
/r/rockstar/comments/fuww18/whos_your_favorite_character_from_rockstar_games/fmfx2l3/?context=3
/r/rockstar/comments/fuww18/whos_your_favorite_character_from_rockstar_games/fmgaquo/
/r/rockstar/comments/fuww18/whos_your_favorite_character_from_rockstar_games/fmh1mr4/
/r/gaming/comments/fv9sef/who_do_you_think_is_the_most_annoying_video_game/fmh9opc/
/r/rockstar/comments/fuww18/whos_your_favorite_character_from_rockstar_games/fmhikiu/
/r/gtaonline/comments/fvcbg0/_/fmhm5gm/
/r/rockstar/comments/fuww18/whos_your_favorite_character_from_rockstar_games/fmhzxpz/
/r/rockstar/comments/fuww18/whos_your_favorite_character_from_rockstar_games/fmi8quy/
/r/rockstar/comments/fuww18/whos_your_favorite_character_from_rockstar_games/fmg9x9s/?context=3
/r/GTA/comments/fw9cwe/niko_bellic_in_jimmys_friends_list_on_life_invader/
/r/GTA/comments/fwhm1f/itathe_liberty_family_rpniko_bellic_drifta_con_i/
/r/GrandTheftAutoV/comments/fwp7gk/anybody_agree/fmpl9sm/
/r/GTA6/comments/fwh5mk/ned_said_it_all_so_why_do_you_keep_doing_this/fmpyegg/
/r/GTAV/comments/fwsatr/shower_thought_rockstar_could_make_a_cool_gtavi/
/r/gtaonline/comments/fvcbg0/_/fmkb1sf/?context=3
/r/GTA6/comments/fwwpwk/my_wishlist_for_gta_6/
/r/GTA6/comments/fwrzch/which_protagonist_would_you_like_to_have_as_a/fmquci8/
/r/GTAV/comments/fwwvsj/my_gta_6_wishlist/
/r/GTAV/comments/fwxkmb/an_interesting_way_gta_6_can_connect_to_the_other/
/r/GTAV/comments/fwxkmb/an_interesting_way_gta_6_can_connect_to_the_other/fmr3vis/
/r/GTA6/comments/fwh5mk/ned_said_it_all_so_why_do_you_keep_doing_this/fmq3nok/?context=3
/r/GTAIV/comments/fx312b/very_good_website_with_collection_of_gta_iv_bug/
/r/gaming/comments/fws9xl/the_true_purpose_of_the_ps5_triangle_cutout_keep/fmrz8e1/
/r/GTA/comments/fx2q86/gta_iv_social_club_signin_issues/
/r/gtaonline/comments/fx368k/invite_only_lobby/fmrvpy0/
/r/rockstar/comments/fx7fac/gta/
/r/rockstar/comments/fx7lhm/gta/
/r/GTA6/comments/fwsd53/gta_6_on_this/fmsj4ut/
/r/GTAV/comments/fwxkmb/an_interesting_way_gta_6_can_connect_to_the_other/fmucxxb/
/r/GTAV/comments/fwxkmb/an_interesting_way_gta_6_can_connect_to_the_other/fmrdlv9/?context=3
/r/rockstar/comments/fx7lhm/gta/fmvqim7/
/r/GTAV/comments/fyhph4/is_there_a_listwikiforumgame_data_on_all_the_gta/
/r/GTA6/comments/fyedwb/what_kind_of_story_do_you_want_in_gta_6_emotional/fn155el/
/r/gtaonline/comments/fz0rm7/so_am_i_the_only_one_thinking_packie_can_be_a/
/r/GTA6/comments/fywxmb/character_relationships_and_interactions/
/r/GTA/comments/fz5pde/i_encountered_this_weird_bug_in_gta_iv_the/
/r/rockstar/comments/fyuby3/true_fans_can_hear_both_images/fn3n9so/
/r/GTA6/comments/fz7dp9/niko_as_an_antagonist/
/r/GTA6/comments/fz7dp9/niko_as_an_antagonist/fn4e13j/?context=3
/r/rockstar/comments/fx7lhm/gta/fmvqim7/?context=3
/r/GTA/comments/fyzebo/made_this_narcos_mexico_themed_gta_6_cover_art/fn6gz05/
/r/GTA/comments/fyzebo/made_this_narcos_mexico_themed_gta_6_cover_art/fn6h4mm/
/r/rockstar/comments/fzzb9e/what_are_youre_top_10_favourite_characters_in_all/fn702ch/
/r/rockstar/comments/fzzb9e/what_are_youre_top_10_favourite_characters_in_all/fn6w8pj/
/r/rockstar/comments/fzzb9e/what_are_youre_top_10_favourite_characters_in_all/fn6y1aj/
/r/GTA6/comments/fzlyhg/what_were_your_least_favorite_things_about_gta_v/fn6w7ri/
/r/GTA6/comments/g049gi/how_would_you_handle_the_aspiring_druglord/
/r/rockstar/comments/fyuby3/true_fans_can_hear_both_images/fn4e6hu/?context=3
/r/GTA6/comments/fzz98r/if_gta_6_takes_place_in_modern_times_after_gta_5/fn8fmp4/
/r/GTA6/comments/g049gi/how_would_you_handle_the_aspiring_druglord/fn8h9jy/
/r/pcgaming/comments/fz1gem/weekend_pc_gaming_deals/fn856eh/
/r/GTA6/comments/g049gi/how_would_you_handle_the_aspiring_druglord/fn86sv8/?context=3
/r/GTAIV/comments/fytsus/dimitri_killed_too_early/fn9iju8/
/r/GTA6/comments/g0ixcc/american_or_immigrant_protagonist/fnahl2y/
/r/GTA6/comments/g0ixcc/american_or_immigrant_protagonist/fnb8z3w/?context=3
/r/GTA6/comments/fzz98r/if_gta_6_takes_place_in_modern_times_after_gta_5/fn8lsvy/?context=3
/r/GTA6/comments/g0ixcc/american_or_immigrant_protagonist/fnbgty7/?context=3
/r/GTA/comments/g0vpoz/with_all_these_gta6_trailers_floating_around_i/
/r/GTA/comments/g13z4p/gta_iv_revengers_tragedy/
/r/GTA6/comments/fzz98r/if_gta_6_takes_place_in_modern_times_after_gta_5/fnbyv7l/?context=3
/r/rockstar/comments/g13q16/best_protagonist/fndwent/
/r/rockstar/comments/g13q16/best_protagonist/fndx4ph/
/r/GTA/comments/g13z4p/gta_iv_revengers_tragedy/fndi308/?context=3
/r/GTA/comments/g1emyq/its_just_a_opinion/fnfhqjh/
/r/rockstar/comments/g1jgem/strongest_r_game_character_vs_each_other/fngg1d4/
/r/gtaonline/comments/g1p5jn/when_players_launched_the_game/fngzq71/
/r/GTA6/comments/g1r6ec/which_character_would_you_like_to_seeplay_again/fnh8xb9/
/r/GTA6/comments/g1numv/gta_vi_leaked111111111/fnh18jm/
/r/GTA/comments/g1sghl/we_found_a_wanted_poster_of_niko_from_gta_iv/
/r/GTA/comments/g1sghl/we_found_a_wanted_poster_of_niko_from_gta_iv/fni4ubk/?context=3
/r/rockstar/comments/g13q16/best_protagonist/fndxiz7/?context=3
/r/rockstar/comments/fddjcl/niko_bellic_bot_a_reddit_bot_of_voice_quips_from/fmfxe6m/?context=3
/r/GTA6/comments/g1r6ec/which_character_would_you_like_to_seeplay_again/fnif447/
/r/GTA6/comments/g1r6ec/which_character_would_you_like_to_seeplay_again/fnj8vy9/
/r/GTA/comments/g27a7q/theory_its_not_3_separate_universes_its_1/
/r/grandtheftauto/comments/g29adv/roman_bellic_prank_calls_a_fan_a_girl_and_niko/
/r/gtaonline/comments/g27vil/in_case_you_didnt_see_this_on_mrbossftws_video/fnkbytu/
/r/GTAIV/comments/g248tv/does_anyone_else_on_pc_the_newest_patch_get_this/fnkmab2/
/r/gtaonline/comments/g2cq0q/can_we_all_agree_to_this_guy/fnlb055/
/r/GTA6/comments/g24rye/the_jason_schreier_kotaku_article_breaks_my_heart/fnl2shq/
/r/gtaonline/comments/g2mbeb/half_of_the_gta_online_characters_be_looking_like/fnn1ahf/
/r/gtaonline/comments/g1p5jn/when_players_launched_the_game/fni5nea/?context=3
/r/GTA/comments/g2yru8/questions_about_the_gta_iv_ending/
/r/gaming/comments/g321vf/gta_5_niko_roman_singing_fame_or_shame/
/r/GTA/comments/g2vd9t/stromberg_meme/fnodtwy/
/r/gtaonline/comments/g2mbeb/half_of_the_gta_online_characters_be_looking_like/fnnj32r/?context=3
/r/GTA6/comments/g1r6ec/which_character_would_you_like_to_seeplay_again/fnpbdty/?context=3
/r/GTAIV/comments/g39mmh/this_game_is_brilliant/
/r/GTA6/comments/g28f35/gta_6_cant_be_in_early_dev_says_yan2295_a_former/fnqia6z/
/r/gtaonline/comments/g2mbeb/half_of_the_gta_online_characters_be_looking_like/fnpftds/?context=3
/r/gaming/comments/g3q78a/max_payne_2_but_the_whole_way_through/fnu12dr/
/r/GTA/comments/g44vdo/who_would_win/
/r/GTA/comments/g4d0ax/been_replaying_gta_4/
/r/GTA6/comments/g28dkp/gta_6_wishlist_megathread_plus_voting_now/fnyywkq/
/r/GTA6/comments/g4qpqm/2_unnecessary_things_from_rdr_2_i_do_not_want_to/fnzjww8/
/r/GTA6/comments/g4pj1h/what_returning_character_would_you_like_to_see/fnzrukq/
/r/GTA6/comments/g4kvuu/i_really_hope_gta_6_has_a_compelling_story/fo1oikp/
/r/GTA6/comments/g5492k/does_anyone_else_worry_that_gta6_wont_push/fo1qmbz/
/r/GTA6/comments/g57zdo/im_leaking_everything_i_know_about_grand_theft/
/r/GTA6/comments/g588gi/regarding_gta_vis_tone_should_it_be_realistic_or/
/r/GTA6/comments/g588gi/regarding_gta_vis_tone_should_it_be_realistic_or/fo1zy0f/
/r/GTA6/comments/g588gi/regarding_gta_vis_tone_should_it_be_realistic_or/fo3blvl/
/r/GTA6/comments/g588gi/regarding_gta_vis_tone_should_it_be_realistic_or/fo41f3g/
/r/gaming/comments/g5nu9r/question_to_folks_who_dont_consider_themselves_to/fo4gklu/
/r/grandtheftauto/comments/g5o8nw/gta_iv_masterpiece_or_nostalgia/fo61ezy/
/r/GTAV/comments/g5slk7/bored_af_so_we_made_jimmy_chase_michaels_car_all/fo7j195/
/r/GTA/comments/g69u2q/which_gta_has_the_best_story_and_why/fo8aei1/
/r/GTA/comments/g65u5y/h_e_l_p/fo94x0r/
/r/GTA/comments/g69u2q/which_gta_has_the_best_story_and_why/fo8nzh3/
/r/JusticeServed/comments/g3cyi2/two_highschool_seniors_who_made_a_racist_tiktok/fnsib83/?context=3
/r/gtaonline/comments/g6ffys/alright_everybody_pays_attention_no_one_gets_hurt/fo9i13c/
/r/GTA/comments/g6korj/niko_bellic_spinoff_game/
/r/gaming/comments/g6pcey/whats_your_favourite_game_for_each_platform_youve/fobfl4w/
/r/rockstar/comments/g6ffat/paying_a_visit_to_old_an_old_friend/foceyis/
/r/gaming/comments/g6zv76/been_playing_a_lot_of_gta_4_recently/
/r/GTA/comments/g6x92u/playing_gta_iv_efcl_again_after_many_years_makes/
